# JRE version: Java(TM) SE Runtime Environment (15.0.1+9) (build 15.0.1+9-18)
# Java VM: Java HotSpot(TM) 64-Bit Server VM (15.0.1+9-18, mixed mode, sharing, tiered, compressed oops, g1 gc, windows-amd64)
GC Precious Log:
 CPUs: 4 total, 4 available
 Memory: 4011M
 Large Page Support: Disabled
 NUMA Support: Disabled
 Compressed Oops: Enabled (32-bit)
 Heap Region Size: 1M
 Heap Min Capacity: 8M
 Heap Initial Capacity: 64M
 Heap Max Capacity: 1004M
 Pre-touch: Disabled
 Parallel Workers: 4
 Concurrent Workers: 1
 Concurrent Refinement Workers: 4
 Periodic GC: Disabled
Heap:
 garbage-first heap   total 65536K, used 14057K [0x00000000c1400000, 0x0000000100000000)
  region size 1024K, 7 young (7168K), 3 survivors (3072K)
 Metaspace       used 18269K, capacity 18508K, committed 18816K, reserved 1067008K
  class space    used 1997K, capacity 2082K, committed 2176K, reserved 1048576K
GC Heap History (6 events):
Event: 2.723 GC heap before
{Heap before GC invocations=0 (full 0):
 garbage-first heap   total 65536K, used 14336K [0x00000000c1400000, 0x0000000100000000)
  region size 1024K, 13 young (13312K), 0 survivors (0K)
 Metaspace       used 8335K, capacity 8506K, committed 8704K, reserved 1056768K
  class space    used 922K, capacity 996K, committed 1024K, reserved 1048576K
}
Event: 2.731 GC heap after
{Heap after GC invocations=1 (full 0):
 garbage-first heap   total 65536K, used 4743K [0x00000000c1400000, 0x0000000100000000)
  region size 1024K, 2 young (2048K), 2 survivors (2048K)
 Metaspace       used 8335K, capacity 8506K, committed 8704K, reserved 1056768K
  class space    used 922K, capacity 996K, committed 1024K, reserved 1048576K
}
Event: 20.057 GC heap before
{Heap before GC invocations=1 (full 0):
 garbage-first heap   total 65536K, used 12935K [0x00000000c1400000, 0x0000000100000000)
  region size 1024K, 10 young (10240K), 2 survivors (2048K)
 Metaspace       used 10972K, capacity 11245K, committed 11264K, reserved 1058816K
  class space    used 1159K, capacity 1266K, committed 1280K, reserved 1048576K
}
Event: 20.063 GC heap after
{Heap after GC invocations=2 (full 0):
 garbage-first heap   total 65536K, used 5746K [0x00000000c1400000, 0x0000000100000000)
  region size 1024K, 1 young (1024K), 1 survivors (1024K)
 Metaspace       used 10972K, capacity 11245K, committed 11264K, reserved 1058816K
  class space    used 1159K, capacity 1266K, committed 1280K, reserved 1048576K
}
Event: 51.919 GC heap before
{Heap before GC invocations=2 (full 0):
 garbage-first heap   total 65536K, used 29298K [0x00000000c1400000, 0x0000000100000000)
  region size 1024K, 22 young (22528K), 1 survivors (1024K)
 Metaspace       used 18187K, capacity 18438K, committed 18560K, reserved 1064960K
  class space    used 1993K, capacity 2081K, committed 2176K, reserved 1048576K
}
Event: 51.926 GC heap after
{Heap after GC invocations=3 (full 0):
 garbage-first heap   total 65536K, used 10985K [0x00000000c1400000, 0x0000000100000000)
  region size 1024K, 3 young (3072K), 3 survivors (3072K)
 Metaspace       used 18187K, capacity 18438K, committed 18560K, reserved 1064960K
  class space    used 1993K, capacity 2081K, committed 2176K, reserved 1048576K
}

