# JRE version: Java(TM) SE Runtime Environment (15.0.1+9) (build 15.0.1+9-18)
# Java VM: Java HotSpot(TM) 64-Bit Server VM (15.0.1+9-18, mixed mode, sharing, tiered, compressed oops, g1 gc, windows-amd64)
GC Precious Log:
 CPUs: 4 total, 4 available
 Memory: 4011M
 Large Page Support: Disabled
 NUMA Support: Disabled
 Compressed Oops: Enabled (32-bit)
 Heap Region Size: 1M
 Heap Min Capacity: 8M
 Heap Initial Capacity: 8M
 Heap Max Capacity: 1004M
 Pre-touch: Disabled
 Parallel Workers: 4
 Concurrent Workers: 1
 Concurrent Refinement Workers: 4
 Periodic GC: Disabled
Heap:
 garbage-first heap   total 10240K, used 2582K [0x00000000c1400000, 0x0000000100000000)
  region size 1024K, 1 young (1024K), 1 survivors (1024K)
 Metaspace       used 7842K, capacity 10854K, committed 11008K, reserved 1058816K
  class space    used 908K, capacity 1190K, committed 1280K, reserved 1048576K
GC Heap History (9 events):
Event: 0.545 GC heap before
{Heap before GC invocations=0 (full 0):
 garbage-first heap   total 8192K, used 3072K [0x00000000c1400000, 0x0000000100000000)
  region size 1024K, 3 young (3072K), 0 survivors (0K)
 Metaspace       used 2461K, capacity 5902K, committed 6016K, reserved 1056768K
  class space    used 277K, capacity 606K, committed 640K, reserved 1048576K
}
Event: 0.550 GC heap after
{Heap after GC invocations=1 (full 0):
 garbage-first heap   total 8192K, used 1128K [0x00000000c1400000, 0x0000000100000000)
  region size 1024K, 1 young (1024K), 1 survivors (1024K)
 Metaspace       used 2461K, capacity 5902K, committed 6016K, reserved 1056768K
  class space    used 277K, capacity 606K, committed 640K, reserved 1048576K
}
Event: 0.616 GC heap before
{Heap before GC invocations=1 (full 0):
 garbage-first heap   total 8192K, used 2152K [0x00000000c1400000, 0x0000000100000000)
  region size 1024K, 2 young (2048K), 1 survivors (1024K)
 Metaspace       used 3745K, capacity 7159K, committed 7296K, reserved 1056768K
  class space    used 461K, capacity 769K, committed 896K, reserved 1048576K
}
Event: 0.619 GC heap after
{Heap after GC invocations=2 (full 0):
 garbage-first heap   total 8192K, used 1652K [0x00000000c1400000, 0x0000000100000000)
  region size 1024K, 1 young (1024K), 1 survivors (1024K)
 Metaspace       used 3745K, capacity 7159K, committed 7296K, reserved 1056768K
  class space    used 461K, capacity 769K, committed 896K, reserved 1048576K
}
Event: 0.720 GC heap before
{Heap before GC invocations=2 (full 0):
 garbage-first heap   total 8192K, used 2676K [0x00000000c1400000, 0x0000000100000000)
  region size 1024K, 2 young (2048K), 1 survivors (1024K)
 Metaspace       used 5993K, capacity 9370K, committed 9472K, reserved 1058816K
  class space    used 695K, capacity 994K, committed 1024K, reserved 1048576K
}
Event: 0.722 GC heap after
{Heap after GC invocations=3 (full 0):
 garbage-first heap   total 8192K, used 2016K [0x00000000c1400000, 0x0000000100000000)
  region size 1024K, 1 young (1024K), 1 survivors (1024K)
 Metaspace       used 5993K, capacity 9370K, committed 9472K, reserved 1058816K
  class space    used 695K, capacity 994K, committed 1024K, reserved 1048576K
}
Event: 0.783 GC heap before
{Heap before GC invocations=3 (full 0):
 garbage-first heap   total 8192K, used 3040K [0x00000000c1400000, 0x0000000100000000)
  region size 1024K, 2 young (2048K), 1 survivors (1024K)
 Metaspace       used 7057K, capacity 10278K, committed 10368K, reserved 1058816K
  class space    used 841K, capacity 1126K, committed 1152K, reserved 1048576K
}
Event: 0.786 GC heap after
{Heap after GC invocations=4 (full 0):
 garbage-first heap   total 8192K, used 2279K [0x00000000c1400000, 0x0000000100000000)
  region size 1024K, 1 young (1024K), 1 survivors (1024K)
 Metaspace       used 7057K, capacity 10278K, committed 10368K, reserved 1058816K
  class space    used 841K, capacity 1126K, committed 1152K, reserved 1048576K
}
Event: 0.845 GC heap before
{Heap before GC invocations=4 (full 0):
 garbage-first heap   total 8192K, used 3303K [0x00000000c1400000, 0x0000000100000000)
  region size 1024K, 2 young (2048K), 1 survivors (1024K)
 Metaspace       used 7842K, capacity 10854K, committed 11008K, reserved 1058816K
  class space    used 908K, capacity 1190K, committed 1280K, reserved 1048576K
}

