# JRE version: Java(TM) SE Runtime Environment (15.0.1+9) (build 15.0.1+9-18)
# Java VM: Java HotSpot(TM) 64-Bit Server VM (15.0.1+9-18, mixed mode, sharing, tiered, compressed oops, g1 gc, windows-amd64)
GC Precious Log:
 CPUs: 4 total, 4 available
 Memory: 4011M
 Large Page Support: Disabled
 NUMA Support: Disabled
 Compressed Oops: Enabled (32-bit)
 Heap Region Size: 1M
 Heap Min Capacity: 8M
 Heap Initial Capacity: 8M
 Heap Max Capacity: 1004M
 Pre-touch: Disabled
 Parallel Workers: 4
 Concurrent Workers: 1
 Concurrent Refinement Workers: 4
 Periodic GC: Disabled
Heap:
 garbage-first heap   total 17408K, used 6135K [0x00000000c1400000, 0x0000000100000000)
  region size 1024K, 1 young (1024K), 1 survivors (1024K)
 Metaspace       used 9162K, capacity 11527K, committed 11776K, reserved 1060864K
  class space    used 1052K, capacity 1265K, committed 1280K, reserved 1048576K
GC Heap History (20 events):
Event: 0.489 GC heap after
{Heap after GC invocations=3 (full 0):
 garbage-first heap   total 8192K, used 1984K [0x00000000c1400000, 0x0000000100000000)
  region size 1024K, 1 young (1024K), 1 survivors (1024K)
 Metaspace       used 5988K, capacity 9370K, committed 9472K, reserved 1058816K
  class space    used 695K, capacity 994K, committed 1024K, reserved 1048576K
}
Event: 0.553 GC heap before
{Heap before GC invocations=3 (full 0):
 garbage-first heap   total 8192K, used 3008K [0x00000000c1400000, 0x0000000100000000)
  region size 1024K, 2 young (2048K), 1 survivors (1024K)
 Metaspace       used 7058K, capacity 10278K, committed 10368K, reserved 1058816K
  class space    used 841K, capacity 1126K, committed 1152K, reserved 1048576K
}
Event: 0.556 GC heap after
{Heap after GC invocations=4 (full 0):
 garbage-first heap   total 8192K, used 2277K [0x00000000c1400000, 0x0000000100000000)
  region size 1024K, 1 young (1024K), 1 survivors (1024K)
 Metaspace       used 7058K, capacity 10278K, committed 10368K, reserved 1058816K
  class space    used 841K, capacity 1126K, committed 1152K, reserved 1048576K
}
Event: 0.728 GC heap before
{Heap before GC invocations=4 (full 0):
 garbage-first heap   total 8192K, used 3301K [0x00000000c1400000, 0x0000000100000000)
  region size 1024K, 2 young (2048K), 1 survivors (1024K)
 Metaspace       used 7867K, capacity 10918K, committed 11008K, reserved 1058816K
  class space    used 911K, capacity 1190K, committed 1280K, reserved 1048576K
}
Event: 0.731 GC heap after
{Heap after GC invocations=5 (full 0):
 garbage-first heap   total 10240K, used 2633K [0x00000000c1400000, 0x0000000100000000)
  region size 1024K, 1 young (1024K), 1 survivors (1024K)
 Metaspace       used 7867K, capacity 10918K, committed 11008K, reserved 1058816K
  class space    used 911K, capacity 1190K, committed 1280K, reserved 1048576K
}
Event: 0.813 GC heap before
{Heap before GC invocations=5 (full 0):
 garbage-first heap   total 10240K, used 4681K [0x00000000c1400000, 0x0000000100000000)
  region size 1024K, 3 young (3072K), 1 survivors (1024K)
 Metaspace       used 8136K, capacity 10997K, committed 11264K, reserved 1058816K
  class space    used 940K, capacity 1195K, committed 1280K, reserved 1048576K
}
Event: 0.818 GC heap after
{Heap after GC invocations=6 (full 0):
 garbage-first heap   total 10240K, used 3447K [0x00000000c1400000, 0x0000000100000000)
  region size 1024K, 1 young (1024K), 1 survivors (1024K)
 Metaspace       used 8136K, capacity 10997K, committed 11264K, reserved 1058816K
  class space    used 940K, capacity 1195K, committed 1280K, reserved 1048576K
}
Event: 0.959 GC heap before
{Heap before GC invocations=6 (full 0):
 garbage-first heap   total 10240K, used 5495K [0x00000000c1400000, 0x0000000100000000)
  region size 1024K, 3 young (3072K), 1 survivors (1024K)
 Metaspace       used 8801K, capacity 11291K, committed 11520K, reserved 1058816K
  class space    used 1019K, capacity 1229K, committed 1280K, reserved 1048576K
}
Event: 0.965 GC heap after
{Heap after GC invocations=7 (full 0):
 garbage-first heap   total 10240K, used 4324K [0x00000000c1400000, 0x0000000100000000)
  region size 1024K, 1 young (1024K), 1 survivors (1024K)
 Metaspace       used 8801K, capacity 11291K, committed 11520K, reserved 1058816K
  class space    used 1019K, capacity 1229K, committed 1280K, reserved 1048576K
}
Event: 0.986 GC heap before
{Heap before GC invocations=7 (full 0):
 garbage-first heap   total 10240K, used 5348K [0x00000000c1400000, 0x0000000100000000)
  region size 1024K, 2 young (2048K), 1 survivors (1024K)
 Metaspace       used 8871K, capacity 11326K, committed 11520K, reserved 1058816K
  class space    used 1029K, capacity 1262K, committed 1280K, reserved 1048576K
}
Event: 0.988 GC heap after
{Heap after GC invocations=8 (full 0):
 garbage-first heap   total 10240K, used 4600K [0x00000000c1400000, 0x0000000100000000)
  region size 1024K, 1 young (1024K), 1 survivors (1024K)
 Metaspace       used 8871K, capacity 11326K, committed 11520K, reserved 1058816K
  class space    used 1029K, capacity 1262K, committed 1280K, reserved 1048576K
}
Event: 0.997 GC heap before
{Heap before GC invocations=8 (full 0):
 garbage-first heap   total 10240K, used 5624K [0x00000000c1400000, 0x0000000100000000)
  region size 1024K, 2 young (2048K), 1 survivors (1024K)
 Metaspace       used 8886K, capacity 11326K, committed 11520K, reserved 1058816K
  class space    used 1029K, capacity 1262K, committed 1280K, reserved 1048576K
}
Event: 0.998 GC heap after
{Heap after GC invocations=9 (full 0):
 garbage-first heap   total 14336K, used 4696K [0x00000000c1400000, 0x0000000100000000)
  region size 1024K, 1 young (1024K), 1 survivors (1024K)
 Metaspace       used 8886K, capacity 11326K, committed 11520K, reserved 1058816K
  class space    used 1029K, capacity 1262K, committed 1280K, reserved 1048576K
}
Event: 1.046 GC heap before
{Heap before GC invocations=10 (full 0):
 garbage-first heap   total 14336K, used 6744K [0x00000000c1400000, 0x0000000100000000)
  region size 1024K, 3 young (3072K), 1 survivors (1024K)
 Metaspace       used 8970K, capacity 11393K, committed 11520K, reserved 1058816K
  class space    used 1036K, capacity 1263K, committed 1280K, reserved 1048576K
}
Event: 1.048 GC heap after
{Heap after GC invocations=11 (full 0):
 garbage-first heap   total 14336K, used 4887K [0x00000000c1400000, 0x0000000100000000)
  region size 1024K, 1 young (1024K), 1 survivors (1024K)
 Metaspace       used 8970K, capacity 11393K, committed 11520K, reserved 1058816K
  class space    used 1036K, capacity 1263K, committed 1280K, reserved 1048576K
}
Event: 1.109 GC heap before
{Heap before GC invocations=11 (full 0):
 garbage-first heap   total 14336K, used 7959K [0x00000000c1400000, 0x0000000100000000)
  region size 1024K, 4 young (4096K), 1 survivors (1024K)
 Metaspace       used 9161K, capacity 11527K, committed 11776K, reserved 1060864K
  class space    used 1052K, capacity 1265K, committed 1280K, reserved 1048576K
}
Event: 1.112 GC heap after
{Heap after GC invocations=12 (full 0):
 garbage-first heap   total 14336K, used 5416K [0x00000000c1400000, 0x0000000100000000)
  region size 1024K, 1 young (1024K), 1 survivors (1024K)
 Metaspace       used 9161K, capacity 11527K, committed 11776K, reserved 1060864K
  class space    used 1052K, capacity 1265K, committed 1280K, reserved 1048576K
}
Event: 1.122 GC heap before
{Heap before GC invocations=12 (full 0):
 garbage-first heap   total 14336K, used 8488K [0x00000000c1400000, 0x0000000100000000)
  region size 1024K, 4 young (4096K), 1 survivors (1024K)
 Metaspace       used 9161K, capacity 11527K, committed 11776K, reserved 1060864K
  class space    used 1052K, capacity 1265K, committed 1280K, reserved 1048576K
}
Event: 1.125 GC heap after
{Heap after GC invocations=13 (full 0):
 garbage-first heap   total 14336K, used 5951K [0x00000000c1400000, 0x0000000100000000)
  region size 1024K, 1 young (1024K), 1 survivors (1024K)
 Metaspace       used 9161K, capacity 11527K, committed 11776K, reserved 1060864K
  class space    used 1052K, capacity 1265K, committed 1280K, reserved 1048576K
}
Event: 1.135 GC heap before
{Heap before GC invocations=13 (full 0):
 garbage-first heap   total 14336K, used 7999K [0x00000000c1400000, 0x0000000100000000)
  region size 1024K, 3 young (3072K), 1 survivors (1024K)
 Metaspace       used 9162K, capacity 11527K, committed 11776K, reserved 1060864K
  class space    used 1052K, capacity 1265K, committed 1280K, reserved 1048576K
}

