# JRE version: Java(TM) SE Runtime Environment (15.0.1+9) (build 15.0.1+9-18)
# Java VM: Java HotSpot(TM) 64-Bit Server VM (15.0.1+9-18, mixed mode, sharing, tiered, compressed oops, g1 gc, windows-amd64)
GC Precious Log:
 CPUs: 4 total, 4 available
 Memory: 4011M
 Large Page Support: Disabled
 NUMA Support: Disabled
 Compressed Oops: Enabled (32-bit)
 Heap Region Size: 1M
 Heap Min Capacity: 8M
 Heap Initial Capacity: 8M
 Heap Max Capacity: 1004M
 Pre-touch: Disabled
 Parallel Workers: 4
 Concurrent Workers: 1
 Concurrent Refinement Workers: 4
 Periodic GC: Disabled
Heap:
 garbage-first heap   total 24576K, used 6655K [0x00000000c1400000, 0x0000000100000000)
  region size 1024K, 1 young (1024K), 1 survivors (1024K)
 Metaspace       used 8612K, capacity 11335K, committed 11520K, reserved 1058816K
  class space    used 996K, capacity 1265K, committed 1280K, reserved 1048576K
GC Heap History (20 events):
Event: 0.552 GC heap after
{Heap after GC invocations=3 (full 0):
 garbage-first heap   total 8192K, used 1997K [0x00000000c1400000, 0x0000000100000000)
  region size 1024K, 1 young (1024K), 1 survivors (1024K)
 Metaspace       used 5813K, capacity 9411K, committed 9600K, reserved 1058816K
  class space    used 696K, capacity 1029K, committed 1152K, reserved 1048576K
}
Event: 0.656 GC heap before
{Heap before GC invocations=3 (full 0):
 garbage-first heap   total 8192K, used 3021K [0x00000000c1400000, 0x0000000100000000)
  region size 1024K, 2 young (2048K), 1 survivors (1024K)
 Metaspace       used 7243K, capacity 10438K, committed 10752K, reserved 1058816K
  class space    used 874K, capacity 1158K, committed 1280K, reserved 1048576K
}
Event: 0.660 GC heap after
{Heap after GC invocations=4 (full 0):
 garbage-first heap   total 8192K, used 2334K [0x00000000c1400000, 0x0000000100000000)
  region size 1024K, 1 young (1024K), 1 survivors (1024K)
 Metaspace       used 7243K, capacity 10438K, committed 10752K, reserved 1058816K
  class space    used 874K, capacity 1158K, committed 1280K, reserved 1048576K
}
Event: 0.735 GC heap before
{Heap before GC invocations=4 (full 0):
 garbage-first heap   total 8192K, used 3358K [0x00000000c1400000, 0x0000000100000000)
  region size 1024K, 2 young (2048K), 1 survivors (1024K)
 Metaspace       used 7834K, capacity 10857K, committed 11008K, reserved 1058816K
  class space    used 914K, capacity 1191K, committed 1280K, reserved 1048576K
}
Event: 0.738 GC heap after
{Heap after GC invocations=5 (full 0):
 garbage-first heap   total 10240K, used 2567K [0x00000000c1400000, 0x0000000100000000)
  region size 1024K, 1 young (1024K), 1 survivors (1024K)
 Metaspace       used 7834K, capacity 10857K, committed 11008K, reserved 1058816K
  class space    used 914K, capacity 1191K, committed 1280K, reserved 1048576K
}
Event: 0.842 GC heap before
{Heap before GC invocations=5 (full 0):
 garbage-first heap   total 10240K, used 4615K [0x00000000c1400000, 0x0000000100000000)
  region size 1024K, 3 young (3072K), 1 survivors (1024K)
 Metaspace       used 8161K, capacity 11099K, committed 11264K, reserved 1058816K
  class space    used 961K, capacity 1229K, committed 1280K, reserved 1048576K
}
Event: 0.847 GC heap after
{Heap after GC invocations=6 (full 0):
 garbage-first heap   total 10240K, used 3369K [0x00000000c1400000, 0x0000000100000000)
  region size 1024K, 1 young (1024K), 1 survivors (1024K)
 Metaspace       used 8161K, capacity 11099K, committed 11264K, reserved 1058816K
  class space    used 961K, capacity 1229K, committed 1280K, reserved 1048576K
}
Event: 0.873 GC heap before
{Heap before GC invocations=6 (full 0):
 garbage-first heap   total 10240K, used 5417K [0x00000000c1400000, 0x0000000100000000)
  region size 1024K, 3 young (3072K), 1 survivors (1024K)
 Metaspace       used 8199K, capacity 11099K, committed 11264K, reserved 1058816K
  class space    used 961K, capacity 1229K, committed 1280K, reserved 1048576K
}
Event: 0.878 GC heap after
{Heap after GC invocations=7 (full 0):
 garbage-first heap   total 10240K, used 3723K [0x00000000c1400000, 0x0000000100000000)
  region size 1024K, 1 young (1024K), 1 survivors (1024K)
 Metaspace       used 8199K, capacity 11099K, committed 11264K, reserved 1058816K
  class space    used 961K, capacity 1229K, committed 1280K, reserved 1048576K
}
Event: 0.924 GC heap before
{Heap before GC invocations=7 (full 0):
 garbage-first heap   total 10240K, used 4747K [0x00000000c1400000, 0x0000000100000000)
  region size 1024K, 2 young (2048K), 1 survivors (1024K)
 Metaspace       used 8285K, capacity 11102K, committed 11264K, reserved 1058816K
  class space    used 967K, capacity 1230K, committed 1280K, reserved 1048576K
}
Event: 0.927 GC heap after
{Heap after GC invocations=8 (full 0):
 garbage-first heap   total 10240K, used 3798K [0x00000000c1400000, 0x0000000100000000)
  region size 1024K, 1 young (1024K), 1 survivors (1024K)
 Metaspace       used 8285K, capacity 11102K, committed 11264K, reserved 1058816K
  class space    used 967K, capacity 1230K, committed 1280K, reserved 1048576K
}
Event: 0.954 GC heap before
{Heap before GC invocations=8 (full 0):
 garbage-first heap   total 10240K, used 5846K [0x00000000c1400000, 0x0000000100000000)
  region size 1024K, 3 young (3072K), 1 survivors (1024K)
 Metaspace       used 8312K, capacity 11102K, committed 11264K, reserved 1058816K
  class space    used 968K, capacity 1230K, committed 1280K, reserved 1048576K
}
Event: 0.956 GC heap after
{Heap after GC invocations=9 (full 0):
 garbage-first heap   total 14336K, used 4053K [0x00000000c1400000, 0x0000000100000000)
  region size 1024K, 1 young (1024K), 1 survivors (1024K)
 Metaspace       used 8312K, capacity 11102K, committed 11264K, reserved 1058816K
  class space    used 968K, capacity 1230K, committed 1280K, reserved 1048576K
}
Event: 1.004 GC heap before
{Heap before GC invocations=9 (full 0):
 garbage-first heap   total 14336K, used 7125K [0x00000000c1400000, 0x0000000100000000)
  region size 1024K, 4 young (4096K), 1 survivors (1024K)
 Metaspace       used 8447K, capacity 11233K, committed 11520K, reserved 1058816K
  class space    used 980K, capacity 1231K, committed 1280K, reserved 1048576K
}
Event: 1.009 GC heap after
{Heap after GC invocations=10 (full 0):
 garbage-first heap   total 14336K, used 4568K [0x00000000c1400000, 0x0000000100000000)
  region size 1024K, 1 young (1024K), 1 survivors (1024K)
 Metaspace       used 8447K, capacity 11233K, committed 11520K, reserved 1058816K
  class space    used 980K, capacity 1231K, committed 1280K, reserved 1048576K
}
Event: 1.051 GC heap before
{Heap before GC invocations=10 (full 0):
 garbage-first heap   total 14336K, used 8664K [0x00000000c1400000, 0x0000000100000000)
  region size 1024K, 5 young (5120K), 1 survivors (1024K)
 Metaspace       used 8515K, capacity 11271K, committed 11520K, reserved 1058816K
  class space    used 990K, capacity 1265K, committed 1280K, reserved 1048576K
}
Event: 1.056 GC heap after
{Heap after GC invocations=11 (full 0):
 garbage-first heap   total 14336K, used 5255K [0x00000000c1400000, 0x0000000100000000)
  region size 1024K, 1 young (1024K), 1 survivors (1024K)
 Metaspace       used 8515K, capacity 11271K, committed 11520K, reserved 1058816K
  class space    used 990K, capacity 1265K, committed 1280K, reserved 1048576K
}
Event: 1.095 GC heap before
{Heap before GC invocations=11 (full 0):
 garbage-first heap   total 14336K, used 8327K [0x00000000c1400000, 0x0000000100000000)
  region size 1024K, 4 young (4096K), 1 survivors (1024K)
 Metaspace       used 8571K, capacity 11335K, committed 11520K, reserved 1058816K
  class space    used 991K, capacity 1265K, committed 1280K, reserved 1048576K
}
Event: 1.101 GC heap after
{Heap after GC invocations=12 (full 0):
 garbage-first heap   total 14336K, used 6209K [0x00000000c1400000, 0x0000000100000000)
  region size 1024K, 1 young (1024K), 1 survivors (1024K)
 Metaspace       used 8571K, capacity 11335K, committed 11520K, reserved 1058816K
  class space    used 991K, capacity 1265K, committed 1280K, reserved 1048576K
}
Event: 1.123 GC heap before
{Heap before GC invocations=12 (full 0):
 garbage-first heap   total 14336K, used 8257K [0x00000000c1400000, 0x0000000100000000)
  region size 1024K, 3 young (3072K), 1 survivors (1024K)
 Metaspace       used 8612K, capacity 11335K, committed 11520K, reserved 1058816K
  class space    used 996K, capacity 1265K, committed 1280K, reserved 1048576K
}

