# JRE version: Java(TM) SE Runtime Environment (15.0.1+9) (build 15.0.1+9-18)
# Java VM: Java HotSpot(TM) 64-Bit Server VM (15.0.1+9-18, mixed mode, sharing, tiered, compressed oops, g1 gc, windows-amd64)
GC Precious Log:
 CPUs: 4 total, 4 available
 Memory: 4011M
 Large Page Support: Disabled
 NUMA Support: Disabled
 Compressed Oops: Enabled (32-bit)
 Heap Region Size: 1M
 Heap Min Capacity: 8M
 Heap Initial Capacity: 8M
 Heap Max Capacity: 1004M
 Pre-touch: Disabled
 Parallel Workers: 4
 Concurrent Workers: 1
 Concurrent Refinement Workers: 4
 Periodic GC: Disabled
Heap:
 garbage-first heap   total 29696K, used 12848K [0x00000000c1400000, 0x0000000100000000)
  region size 1024K, 5 young (5120K), 1 survivors (1024K)
 Metaspace       used 9616K, capacity 12171K, committed 12416K, reserved 1060864K
  class space    used 1102K, capacity 1330K, committed 1408K, reserved 1048576K
GC Heap History (20 events):
Event: 1.344 GC heap before
{Heap before GC invocations=7 (full 0):
 garbage-first heap   total 10240K, used 4764K [0x00000000c1400000, 0x0000000100000000)
  region size 1024K, 2 young (2048K), 1 survivors (1024K)
 Metaspace       used 8358K, capacity 11166K, committed 11264K, reserved 1058816K
  class space    used 962K, capacity 1230K, committed 1280K, reserved 1048576K
}
Event: 1.346 GC heap after
{Heap after GC invocations=8 (full 0):
 garbage-first heap   total 10240K, used 3815K [0x00000000c1400000, 0x0000000100000000)
  region size 1024K, 1 young (1024K), 1 survivors (1024K)
 Metaspace       used 8358K, capacity 11166K, committed 11264K, reserved 1058816K
  class space    used 962K, capacity 1230K, committed 1280K, reserved 1048576K
}
Event: 1.380 GC heap before
{Heap before GC invocations=8 (full 0):
 garbage-first heap   total 10240K, used 5863K [0x00000000c1400000, 0x0000000100000000)
  region size 1024K, 3 young (3072K), 1 survivors (1024K)
 Metaspace       used 8384K, capacity 11166K, committed 11264K, reserved 1058816K
  class space    used 964K, capacity 1230K, committed 1280K, reserved 1048576K
}
Event: 1.385 GC heap after
{Heap after GC invocations=9 (full 0):
 garbage-first heap   total 13312K, used 4039K [0x00000000c1400000, 0x0000000100000000)
  region size 1024K, 1 young (1024K), 1 survivors (1024K)
 Metaspace       used 8384K, capacity 11166K, committed 11264K, reserved 1058816K
  class space    used 964K, capacity 1230K, committed 1280K, reserved 1048576K
}
Event: 1.451 GC heap before
{Heap before GC invocations=9 (full 0):
 garbage-first heap   total 13312K, used 7111K [0x00000000c1400000, 0x0000000100000000)
  region size 1024K, 4 young (4096K), 1 survivors (1024K)
 Metaspace       used 8549K, capacity 11297K, committed 11520K, reserved 1058816K
  class space    used 980K, capacity 1231K, committed 1280K, reserved 1048576K
}
Event: 1.455 GC heap after
{Heap after GC invocations=10 (full 0):
 garbage-first heap   total 13312K, used 4592K [0x00000000c1400000, 0x0000000100000000)
  region size 1024K, 1 young (1024K), 1 survivors (1024K)
 Metaspace       used 8549K, capacity 11297K, committed 11520K, reserved 1058816K
  class space    used 980K, capacity 1231K, committed 1280K, reserved 1048576K
}
Event: 1.472 GC heap before
{Heap before GC invocations=10 (full 0):
 garbage-first heap   total 13312K, used 7664K [0x00000000c1400000, 0x0000000100000000)
  region size 1024K, 4 young (4096K), 1 survivors (1024K)
 Metaspace       used 8549K, capacity 11297K, committed 11520K, reserved 1058816K
  class space    used 980K, capacity 1231K, committed 1280K, reserved 1048576K
}
Event: 1.476 GC heap after
{Heap after GC invocations=11 (full 0):
 garbage-first heap   total 13312K, used 5015K [0x00000000c1400000, 0x0000000100000000)
  region size 1024K, 1 young (1024K), 1 survivors (1024K)
 Metaspace       used 8549K, capacity 11297K, committed 11520K, reserved 1058816K
  class space    used 980K, capacity 1231K, committed 1280K, reserved 1048576K
}
Event: 1.502 GC heap before
{Heap before GC invocations=11 (full 0):
 garbage-first heap   total 13312K, used 7063K [0x00000000c1400000, 0x0000000100000000)
  region size 1024K, 3 young (3072K), 1 survivors (1024K)
 Metaspace       used 8595K, capacity 11303K, committed 11520K, reserved 1058816K
  class space    used 986K, capacity 1233K, committed 1280K, reserved 1048576K
}
Event: 1.505 GC heap after
{Heap after GC invocations=12 (full 0):
 garbage-first heap   total 13312K, used 5354K [0x00000000c1400000, 0x0000000100000000)
  region size 1024K, 1 young (1024K), 1 survivors (1024K)
 Metaspace       used 8595K, capacity 11303K, committed 11520K, reserved 1058816K
  class space    used 986K, capacity 1233K, committed 1280K, reserved 1048576K
}
Event: 1.535 GC heap before
{Heap before GC invocations=12 (full 0):
 garbage-first heap   total 13312K, used 7402K [0x00000000c1400000, 0x0000000100000000)
  region size 1024K, 3 young (3072K), 1 survivors (1024K)
 Metaspace       used 8633K, capacity 11367K, committed 11520K, reserved 1058816K
  class space    used 987K, capacity 1233K, committed 1280K, reserved 1048576K
}
Event: 1.540 GC heap after
{Heap after GC invocations=13 (full 0):
 garbage-first heap   total 17408K, used 6400K [0x00000000c1400000, 0x0000000100000000)
  region size 1024K, 1 young (1024K), 1 survivors (1024K)
 Metaspace       used 8633K, capacity 11367K, committed 11520K, reserved 1058816K
  class space    used 987K, capacity 1233K, committed 1280K, reserved 1048576K
}
Event: 1.582 GC heap before
{Heap before GC invocations=13 (full 0):
 garbage-first heap   total 17408K, used 10496K [0x00000000c1400000, 0x0000000100000000)
  region size 1024K, 5 young (5120K), 1 survivors (1024K)
 Metaspace       used 8713K, capacity 11463K, committed 11520K, reserved 1058816K
  class space    used 998K, capacity 1265K, committed 1280K, reserved 1048576K
}
Event: 1.587 GC heap after
{Heap after GC invocations=14 (full 0):
 garbage-first heap   total 17408K, used 7118K [0x00000000c1400000, 0x0000000100000000)
  region size 1024K, 1 young (1024K), 1 survivors (1024K)
 Metaspace       used 8713K, capacity 11463K, committed 11520K, reserved 1058816K
  class space    used 998K, capacity 1265K, committed 1280K, reserved 1048576K
}
Event: 1.663 GC heap before
{Heap before GC invocations=14 (full 0):
 garbage-first heap   total 17408K, used 10190K [0x00000000c1400000, 0x0000000100000000)
  region size 1024K, 4 young (4096K), 1 survivors (1024K)
 Metaspace       used 9100K, capacity 11688K, committed 11904K, reserved 1060864K
  class space    used 1043K, capacity 1297K, committed 1408K, reserved 1048576K
}
Event: 1.667 GC heap after
{Heap after GC invocations=15 (full 0):
 garbage-first heap   total 17408K, used 7634K [0x00000000c1400000, 0x0000000100000000)
  region size 1024K, 1 young (1024K), 1 survivors (1024K)
 Metaspace       used 9100K, capacity 11688K, committed 11904K, reserved 1060864K
  class space    used 1043K, capacity 1297K, committed 1408K, reserved 1048576K
}
Event: 1.742 GC heap before
{Heap before GC invocations=15 (full 0):
 garbage-first heap   total 17408K, used 11730K [0x00000000c1400000, 0x0000000100000000)
  region size 1024K, 5 young (5120K), 1 survivors (1024K)
 Metaspace       used 9383K, capacity 11976K, committed 12160K, reserved 1060864K
  class space    used 1074K, capacity 1329K, committed 1408K, reserved 1048576K
}
Event: 1.746 GC heap after
{Heap after GC invocations=16 (full 0):
 garbage-first heap   total 17408K, used 8255K [0x00000000c1400000, 0x0000000100000000)
  region size 1024K, 1 young (1024K), 1 survivors (1024K)
 Metaspace       used 9383K, capacity 11976K, committed 12160K, reserved 1060864K
  class space    used 1074K, capacity 1329K, committed 1408K, reserved 1048576K
}
Event: 1.752 GC heap before
{Heap before GC invocations=16 (full 0):
 garbage-first heap   total 17408K, used 11327K [0x00000000c1400000, 0x0000000100000000)
  region size 1024K, 4 young (4096K), 1 survivors (1024K)
 Metaspace       used 9383K, capacity 11976K, committed 12160K, reserved 1060864K
  class space    used 1074K, capacity 1329K, committed 1408K, reserved 1048576K
}
Event: 1.757 GC heap after
{Heap after GC invocations=17 (full 0):
 garbage-first heap   total 29696K, used 8752K [0x00000000c1400000, 0x0000000100000000)
  region size 1024K, 1 young (1024K), 1 survivors (1024K)
 Metaspace       used 9383K, capacity 11976K, committed 12160K, reserved 1060864K
  class space    used 1074K, capacity 1329K, committed 1408K, reserved 1048576K
}

