# JRE version: Java(TM) SE Runtime Environment (15.0.1+9) (build 15.0.1+9-18)
# Java VM: Java HotSpot(TM) 64-Bit Server VM (15.0.1+9-18, mixed mode, sharing, tiered, compressed oops, g1 gc, windows-amd64)
GC Precious Log:
 CPUs: 4 total, 4 available
 Memory: 4011M
 Large Page Support: Disabled
 NUMA Support: Disabled
 Compressed Oops: Enabled (32-bit)
 Heap Region Size: 1M
 Heap Min Capacity: 8M
 Heap Initial Capacity: 8M
 Heap Max Capacity: 1004M
 Pre-touch: Disabled
 Parallel Workers: 4
 Concurrent Workers: 1
 Concurrent Refinement Workers: 4
 Periodic GC: Disabled
Heap:
 garbage-first heap   total 21504K, used 9576K [0x00000000c1400000, 0x0000000100000000)
  region size 1024K, 4 young (4096K), 1 survivors (1024K)
 Metaspace       used 9194K, capacity 11752K, committed 11904K, reserved 1060864K
  class space    used 1053K, capacity 1297K, committed 1408K, reserved 1048576K
GC Heap History (20 events):
Event: 1.021 GC heap before
{Heap before GC invocations=5 (full 0):
 garbage-first heap   total 8192K, used 3612K [0x00000000c1400000, 0x0000000100000000)
  region size 1024K, 2 young (2048K), 1 survivors (1024K)
 Metaspace       used 8002K, capacity 10994K, committed 11264K, reserved 1058816K
  class space    used 931K, capacity 1194K, committed 1280K, reserved 1048576K
}
Event: 1.025 GC heap after
{Heap after GC invocations=6 (full 0):
 garbage-first heap   total 10240K, used 3115K [0x00000000c1400000, 0x0000000100000000)
  region size 1024K, 1 young (1024K), 1 survivors (1024K)
 Metaspace       used 8002K, capacity 10994K, committed 11264K, reserved 1058816K
  class space    used 931K, capacity 1194K, committed 1280K, reserved 1048576K
}
Event: 1.093 GC heap before
{Heap before GC invocations=6 (full 0):
 garbage-first heap   total 10240K, used 5163K [0x00000000c1400000, 0x0000000100000000)
  region size 1024K, 3 young (3072K), 1 survivors (1024K)
 Metaspace       used 8197K, capacity 11099K, committed 11264K, reserved 1058816K
  class space    used 957K, capacity 1229K, committed 1280K, reserved 1048576K
}
Event: 1.099 GC heap after
{Heap after GC invocations=7 (full 0):
 garbage-first heap   total 10240K, used 3631K [0x00000000c1400000, 0x0000000100000000)
  region size 1024K, 1 young (1024K), 1 survivors (1024K)
 Metaspace       used 8197K, capacity 11099K, committed 11264K, reserved 1058816K
  class space    used 957K, capacity 1229K, committed 1280K, reserved 1048576K
}
Event: 1.104 GC heap before
{Heap before GC invocations=7 (full 0):
 garbage-first heap   total 10240K, used 4655K [0x00000000c1400000, 0x0000000100000000)
  region size 1024K, 2 young (2048K), 1 survivors (1024K)
 Metaspace       used 8201K, capacity 11099K, committed 11264K, reserved 1058816K
  class space    used 957K, capacity 1229K, committed 1280K, reserved 1048576K
}
Event: 1.106 GC heap after
{Heap after GC invocations=8 (full 0):
 garbage-first heap   total 10240K, used 3727K [0x00000000c1400000, 0x0000000100000000)
  region size 1024K, 1 young (1024K), 1 survivors (1024K)
 Metaspace       used 8201K, capacity 11099K, committed 11264K, reserved 1058816K
  class space    used 957K, capacity 1229K, committed 1280K, reserved 1048576K
}
Event: 1.149 GC heap before
{Heap before GC invocations=8 (full 0):
 garbage-first heap   total 10240K, used 4751K [0x00000000c1400000, 0x0000000100000000)
  region size 1024K, 2 young (2048K), 1 survivors (1024K)
 Metaspace       used 8278K, capacity 11099K, committed 11264K, reserved 1058816K
  class space    used 959K, capacity 1229K, committed 1280K, reserved 1048576K
}
Event: 1.152 GC heap after
{Heap after GC invocations=9 (full 0):
 garbage-first heap   total 10240K, used 3814K [0x00000000c1400000, 0x0000000100000000)
  region size 1024K, 1 young (1024K), 1 survivors (1024K)
 Metaspace       used 8278K, capacity 11099K, committed 11264K, reserved 1058816K
  class space    used 959K, capacity 1229K, committed 1280K, reserved 1048576K
}
Event: 1.174 GC heap before
{Heap before GC invocations=9 (full 0):
 garbage-first heap   total 10240K, used 5862K [0x00000000c1400000, 0x0000000100000000)
  region size 1024K, 3 young (3072K), 1 survivors (1024K)
 Metaspace       used 8325K, capacity 11102K, committed 11264K, reserved 1058816K
  class space    used 964K, capacity 1230K, committed 1280K, reserved 1048576K
}
Event: 1.176 GC heap after
{Heap after GC invocations=10 (full 0):
 garbage-first heap   total 13312K, used 4056K [0x00000000c1400000, 0x0000000100000000)
  region size 1024K, 1 young (1024K), 1 survivors (1024K)
 Metaspace       used 8325K, capacity 11102K, committed 11264K, reserved 1058816K
  class space    used 964K, capacity 1230K, committed 1280K, reserved 1048576K
}
Event: 1.240 GC heap before
{Heap before GC invocations=10 (full 0):
 garbage-first heap   total 13312K, used 6104K [0x00000000c1400000, 0x0000000100000000)
  region size 1024K, 4 young (4096K), 1 survivors (1024K)
 Metaspace       used 8490K, capacity 11233K, committed 11520K, reserved 1058816K
  class space    used 979K, capacity 1231K, committed 1280K, reserved 1048576K
}
Event: 1.243 GC heap after
{Heap after GC invocations=11 (full 0):
 garbage-first heap   total 13312K, used 4559K [0x00000000c1400000, 0x0000000100000000)
  region size 1024K, 1 young (1024K), 1 survivors (1024K)
 Metaspace       used 8490K, capacity 11233K, committed 11520K, reserved 1058816K
  class space    used 979K, capacity 1231K, committed 1280K, reserved 1048576K
}
Event: 1.392 GC heap before
{Heap before GC invocations=11 (full 0):
 garbage-first heap   total 13312K, used 7631K [0x00000000c1400000, 0x0000000100000000)
  region size 1024K, 4 young (4096K), 1 survivors (1024K)
 Metaspace       used 8491K, capacity 11233K, committed 11520K, reserved 1058816K
  class space    used 979K, capacity 1231K, committed 1280K, reserved 1048576K
}
Event: 1.398 GC heap after
{Heap after GC invocations=12 (full 0):
 garbage-first heap   total 13312K, used 5035K [0x00000000c1400000, 0x0000000100000000)
  region size 1024K, 1 young (1024K), 1 survivors (1024K)
 Metaspace       used 8491K, capacity 11233K, committed 11520K, reserved 1058816K
  class space    used 979K, capacity 1231K, committed 1280K, reserved 1048576K
}
Event: 1.652 GC heap before
{Heap before GC invocations=12 (full 0):
 garbage-first heap   total 13312K, used 8107K [0x00000000c1400000, 0x0000000100000000)
  region size 1024K, 4 young (4096K), 1 survivors (1024K)
 Metaspace       used 8603K, capacity 11303K, committed 11520K, reserved 1058816K
  class space    used 986K, capacity 1233K, committed 1280K, reserved 1048576K
}
Event: 1.658 GC heap after
{Heap after GC invocations=13 (full 0):
 garbage-first heap   total 13312K, used 5622K [0x00000000c1400000, 0x0000000100000000)
  region size 1024K, 1 young (1024K), 1 survivors (1024K)
 Metaspace       used 8603K, capacity 11303K, committed 11520K, reserved 1058816K
  class space    used 986K, capacity 1233K, committed 1280K, reserved 1048576K
}
Event: 1.709 GC heap before
{Heap before GC invocations=13 (full 0):
 garbage-first heap   total 13312K, used 8694K [0x00000000c1400000, 0x0000000100000000)
  region size 1024K, 4 young (4096K), 1 survivors (1024K)
 Metaspace       used 8641K, capacity 11399K, committed 11520K, reserved 1058816K
  class space    used 991K, capacity 1265K, committed 1280K, reserved 1048576K
}
Event: 1.715 GC heap after
{Heap after GC invocations=14 (full 0):
 garbage-first heap   total 21504K, used 6634K [0x00000000c1400000, 0x0000000100000000)
  region size 1024K, 1 young (1024K), 1 survivors (1024K)
 Metaspace       used 8641K, capacity 11399K, committed 11520K, reserved 1058816K
  class space    used 991K, capacity 1265K, committed 1280K, reserved 1048576K
}
Event: 1.988 GC heap before
{Heap before GC invocations=14 (full 0):
 garbage-first heap   total 21504K, used 11754K [0x00000000c1400000, 0x0000000100000000)
  region size 1024K, 6 young (6144K), 1 survivors (1024K)
 Metaspace       used 9127K, capacity 11688K, committed 11904K, reserved 1060864K
  class space    used 1052K, capacity 1297K, committed 1408K, reserved 1048576K
}
Event: 1.995 GC heap after
{Heap after GC invocations=15 (full 0):
 garbage-first heap   total 21504K, used 7528K [0x00000000c1400000, 0x0000000100000000)
  region size 1024K, 1 young (1024K), 1 survivors (1024K)
 Metaspace       used 9127K, capacity 11688K, committed 11904K, reserved 1060864K
  class space    used 1052K, capacity 1297K, committed 1408K, reserved 1048576K
}

