# JRE version: Java(TM) SE Runtime Environment (15.0.1+9) (build 15.0.1+9-18)
# Java VM: Java HotSpot(TM) 64-Bit Server VM (15.0.1+9-18, mixed mode, sharing, tiered, compressed oops, g1 gc, windows-amd64)
GC Precious Log:
 CPUs: 4 total, 4 available
 Memory: 4011M
 Large Page Support: Disabled
 NUMA Support: Disabled
 Compressed Oops: Enabled (32-bit)
 Heap Region Size: 1M
 Heap Min Capacity: 8M
 Heap Initial Capacity: 8M
 Heap Max Capacity: 1004M
 Pre-touch: Disabled
 Parallel Workers: 4
 Concurrent Workers: 1
 Concurrent Refinement Workers: 4
 Periodic GC: Disabled
Heap:
 garbage-first heap   total 20480K, used 11208K [0x00000000c1400000, 0x0000000100000000)
  region size 1024K, 5 young (5120K), 1 survivors (1024K)
 Metaspace       used 9556K, capacity 12107K, committed 12416K, reserved 1060864K
  class space    used 1101K, capacity 1330K, committed 1408K, reserved 1048576K
GC Heap History (20 events):
Event: 0.763 GC heap before
{Heap before GC invocations=4 (full 0):
 garbage-first heap   total 8192K, used 3384K [0x00000000c1400000, 0x0000000100000000)
  region size 1024K, 2 young (2048K), 1 survivors (1024K)
 Metaspace       used 7833K, capacity 10857K, committed 11008K, reserved 1058816K
  class space    used 910K, capacity 1191K, committed 1280K, reserved 1048576K
}
Event: 0.766 GC heap after
{Heap after GC invocations=5 (full 0):
 garbage-first heap   total 10240K, used 2571K [0x00000000c1400000, 0x0000000100000000)
  region size 1024K, 1 young (1024K), 1 survivors (1024K)
 Metaspace       used 7833K, capacity 10857K, committed 11008K, reserved 1058816K
  class space    used 910K, capacity 1191K, committed 1280K, reserved 1048576K
}
Event: 0.873 GC heap before
{Heap before GC invocations=5 (full 0):
 garbage-first heap   total 10240K, used 4619K [0x00000000c1400000, 0x0000000100000000)
  region size 1024K, 3 young (3072K), 1 survivors (1024K)
 Metaspace       used 8161K, capacity 11099K, committed 11264K, reserved 1058816K
  class space    used 957K, capacity 1229K, committed 1280K, reserved 1048576K
}
Event: 0.878 GC heap after
{Heap after GC invocations=6 (full 0):
 garbage-first heap   total 10240K, used 3383K [0x00000000c1400000, 0x0000000100000000)
  region size 1024K, 1 young (1024K), 1 survivors (1024K)
 Metaspace       used 8161K, capacity 11099K, committed 11264K, reserved 1058816K
  class space    used 957K, capacity 1229K, committed 1280K, reserved 1048576K
}
Event: 0.903 GC heap before
{Heap before GC invocations=6 (full 0):
 garbage-first heap   total 10240K, used 5431K [0x00000000c1400000, 0x0000000100000000)
  region size 1024K, 3 young (3072K), 1 survivors (1024K)
 Metaspace       used 8191K, capacity 11099K, committed 11264K, reserved 1058816K
  class space    used 957K, capacity 1229K, committed 1280K, reserved 1048576K
}
Event: 0.908 GC heap after
{Heap after GC invocations=7 (full 0):
 garbage-first heap   total 10240K, used 3747K [0x00000000c1400000, 0x0000000100000000)
  region size 1024K, 1 young (1024K), 1 survivors (1024K)
 Metaspace       used 8191K, capacity 11099K, committed 11264K, reserved 1058816K
  class space    used 957K, capacity 1229K, committed 1280K, reserved 1048576K
}
Event: 0.956 GC heap before
{Heap before GC invocations=7 (full 0):
 garbage-first heap   total 10240K, used 4771K [0x00000000c1400000, 0x0000000100000000)
  region size 1024K, 2 young (2048K), 1 survivors (1024K)
 Metaspace       used 8285K, capacity 11102K, committed 11264K, reserved 1058816K
  class space    used 963K, capacity 1230K, committed 1280K, reserved 1048576K
}
Event: 0.957 GC heap after
{Heap after GC invocations=8 (full 0):
 garbage-first heap   total 10240K, used 3822K [0x00000000c1400000, 0x0000000100000000)
  region size 1024K, 1 young (1024K), 1 survivors (1024K)
 Metaspace       used 8285K, capacity 11102K, committed 11264K, reserved 1058816K
  class space    used 963K, capacity 1230K, committed 1280K, reserved 1048576K
}
Event: 0.972 GC heap before
{Heap before GC invocations=8 (full 0):
 garbage-first heap   total 10240K, used 5870K [0x00000000c1400000, 0x0000000100000000)
  region size 1024K, 3 young (3072K), 1 survivors (1024K)
 Metaspace       used 8311K, capacity 11102K, committed 11264K, reserved 1058816K
  class space    used 964K, capacity 1230K, committed 1280K, reserved 1048576K
}
Event: 0.975 GC heap after
{Heap after GC invocations=9 (full 0):
 garbage-first heap   total 13312K, used 4079K [0x00000000c1400000, 0x0000000100000000)
  region size 1024K, 1 young (1024K), 1 survivors (1024K)
 Metaspace       used 8311K, capacity 11102K, committed 11264K, reserved 1058816K
  class space    used 964K, capacity 1230K, committed 1280K, reserved 1048576K
}
Event: 1.042 GC heap before
{Heap before GC invocations=9 (full 0):
 garbage-first heap   total 13312K, used 7151K [0x00000000c1400000, 0x0000000100000000)
  region size 1024K, 4 young (4096K), 1 survivors (1024K)
 Metaspace       used 8456K, capacity 11233K, committed 11520K, reserved 1058816K
  class space    used 976K, capacity 1231K, committed 1280K, reserved 1048576K
}
Event: 1.048 GC heap after
{Heap after GC invocations=10 (full 0):
 garbage-first heap   total 13312K, used 4539K [0x00000000c1400000, 0x0000000100000000)
  region size 1024K, 1 young (1024K), 1 survivors (1024K)
 Metaspace       used 8456K, capacity 11233K, committed 11520K, reserved 1058816K
  class space    used 976K, capacity 1231K, committed 1280K, reserved 1048576K
}
Event: 1.090 GC heap before
{Heap before GC invocations=10 (full 0):
 garbage-first heap   total 13312K, used 7611K [0x00000000c1400000, 0x0000000100000000)
  region size 1024K, 4 young (4096K), 1 survivors (1024K)
 Metaspace       used 8457K, capacity 11233K, committed 11520K, reserved 1058816K
  class space    used 976K, capacity 1231K, committed 1280K, reserved 1048576K
}
Event: 1.095 GC heap after
{Heap after GC invocations=11 (full 0):
 garbage-first heap   total 13312K, used 5047K [0x00000000c1400000, 0x0000000100000000)
  region size 1024K, 1 young (1024K), 1 survivors (1024K)
 Metaspace       used 8457K, capacity 11233K, committed 11520K, reserved 1058816K
  class space    used 976K, capacity 1231K, committed 1280K, reserved 1048576K
}
Event: 1.151 GC heap before
{Heap before GC invocations=11 (full 0):
 garbage-first heap   total 13312K, used 7095K [0x00000000c1400000, 0x0000000100000000)
  region size 1024K, 3 young (3072K), 1 survivors (1024K)
 Metaspace       used 8532K, capacity 11303K, committed 11520K, reserved 1058816K
  class space    used 985K, capacity 1233K, committed 1280K, reserved 1048576K
}
Event: 1.154 GC heap after
{Heap after GC invocations=12 (full 0):
 garbage-first heap   total 13312K, used 5386K [0x00000000c1400000, 0x0000000100000000)
  region size 1024K, 1 young (1024K), 1 survivors (1024K)
 Metaspace       used 8532K, capacity 11303K, committed 11520K, reserved 1058816K
  class space    used 985K, capacity 1233K, committed 1280K, reserved 1048576K
}
Event: 1.193 GC heap before
{Heap before GC invocations=12 (full 0):
 garbage-first heap   total 13312K, used 7434K [0x00000000c1400000, 0x0000000100000000)
  region size 1024K, 3 young (3072K), 1 survivors (1024K)
 Metaspace       used 8582K, capacity 11303K, committed 11520K, reserved 1058816K
  class space    used 986K, capacity 1233K, committed 1280K, reserved 1048576K
}
Event: 1.198 GC heap after
{Heap after GC invocations=13 (full 0):
 garbage-first heap   total 20480K, used 6226K [0x00000000c1400000, 0x0000000100000000)
  region size 1024K, 1 young (1024K), 1 survivors (1024K)
 Metaspace       used 8582K, capacity 11303K, committed 11520K, reserved 1058816K
  class space    used 986K, capacity 1233K, committed 1280K, reserved 1048576K
}
Event: 1.323 GC heap before
{Heap before GC invocations=13 (full 0):
 garbage-first heap   total 20480K, used 12370K [0x00000000c1400000, 0x0000000100000000)
  region size 1024K, 7 young (7168K), 1 survivors (1024K)
 Metaspace       used 9042K, capacity 11688K, committed 11904K, reserved 1060864K
  class space    used 1042K, capacity 1297K, committed 1408K, reserved 1048576K
}
Event: 1.330 GC heap after
{Heap after GC invocations=14 (full 0):
 garbage-first heap   total 20480K, used 7279K [0x00000000c1400000, 0x0000000100000000)
  region size 1024K, 1 young (1024K), 1 survivors (1024K)
 Metaspace       used 9042K, capacity 11688K, committed 11904K, reserved 1060864K
  class space    used 1042K, capacity 1297K, committed 1408K, reserved 1048576K
}

