# JRE version: Java(TM) SE Runtime Environment (15.0.1+9) (build 15.0.1+9-18)
# Java VM: Java HotSpot(TM) 64-Bit Server VM (15.0.1+9-18, mixed mode, sharing, tiered, compressed oops, g1 gc, windows-amd64)
GC Precious Log:
 CPUs: 4 total, 4 available
 Memory: 4011M
 Large Page Support: Disabled
 NUMA Support: Disabled
 Compressed Oops: Enabled (32-bit)
 Heap Region Size: 1M
 Heap Min Capacity: 8M
 Heap Initial Capacity: 8M
 Heap Max Capacity: 1004M
 Pre-touch: Disabled
 Parallel Workers: 4
 Concurrent Workers: 1
 Concurrent Refinement Workers: 4
 Periodic GC: Disabled
Heap:
 garbage-first heap   total 17408K, used 6206K [0x00000000c1400000, 0x0000000100000000)
  region size 1024K, 1 young (1024K), 1 survivors (1024K)
 Metaspace       used 8606K, capacity 11367K, committed 11520K, reserved 1058816K
  class space    used 987K, capacity 1233K, committed 1280K, reserved 1048576K
GC Heap History (20 events):
Event: 1.055 GC heap after
{Heap after GC invocations=4 (full 0):
 garbage-first heap   total 8192K, used 2348K [0x00000000c1400000, 0x0000000100000000)
  region size 1024K, 1 young (1024K), 1 survivors (1024K)
 Metaspace       used 7248K, capacity 10438K, committed 10752K, reserved 1058816K
  class space    used 871K, capacity 1158K, committed 1280K, reserved 1048576K
}
Event: 1.128 GC heap before
{Heap before GC invocations=4 (full 0):
 garbage-first heap   total 8192K, used 3372K [0x00000000c1400000, 0x0000000100000000)
  region size 1024K, 2 young (2048K), 1 survivors (1024K)
 Metaspace       used 7870K, capacity 10921K, committed 11264K, reserved 1058816K
  class space    used 910K, capacity 1191K, committed 1280K, reserved 1048576K
}
Event: 1.131 GC heap after
{Heap after GC invocations=5 (full 0):
 garbage-first heap   total 8192K, used 2614K [0x00000000c1400000, 0x0000000100000000)
  region size 1024K, 1 young (1024K), 1 survivors (1024K)
 Metaspace       used 7870K, capacity 10921K, committed 11264K, reserved 1058816K
  class space    used 910K, capacity 1191K, committed 1280K, reserved 1048576K
}
Event: 1.188 GC heap before
{Heap before GC invocations=5 (full 0):
 garbage-first heap   total 8192K, used 3638K [0x00000000c1400000, 0x0000000100000000)
  region size 1024K, 2 young (2048K), 1 survivors (1024K)
 Metaspace       used 8034K, capacity 10994K, committed 11264K, reserved 1058816K
  class space    used 931K, capacity 1194K, committed 1280K, reserved 1048576K
}
Event: 1.192 GC heap after
{Heap after GC invocations=6 (full 0):
 garbage-first heap   total 10240K, used 3112K [0x00000000c1400000, 0x0000000100000000)
  region size 1024K, 1 young (1024K), 1 survivors (1024K)
 Metaspace       used 8034K, capacity 10994K, committed 11264K, reserved 1058816K
  class space    used 931K, capacity 1194K, committed 1280K, reserved 1048576K
}
Event: 1.256 GC heap before
{Heap before GC invocations=6 (full 0):
 garbage-first heap   total 10240K, used 5160K [0x00000000c1400000, 0x0000000100000000)
  region size 1024K, 3 young (3072K), 1 survivors (1024K)
 Metaspace       used 8221K, capacity 11099K, committed 11264K, reserved 1058816K
  class space    used 957K, capacity 1229K, committed 1280K, reserved 1048576K
}
Event: 1.261 GC heap after
{Heap after GC invocations=7 (full 0):
 garbage-first heap   total 10240K, used 3593K [0x00000000c1400000, 0x0000000100000000)
  region size 1024K, 1 young (1024K), 1 survivors (1024K)
 Metaspace       used 8221K, capacity 11099K, committed 11264K, reserved 1058816K
  class space    used 957K, capacity 1229K, committed 1280K, reserved 1048576K
}
Event: 1.308 GC heap before
{Heap before GC invocations=7 (full 0):
 garbage-first heap   total 10240K, used 5641K [0x00000000c1400000, 0x0000000100000000)
  region size 1024K, 3 young (3072K), 1 survivors (1024K)
 Metaspace       used 8309K, capacity 11166K, committed 11264K, reserved 1058816K
  class space    used 963K, capacity 1230K, committed 1280K, reserved 1048576K
}
Event: 1.310 GC heap after
{Heap after GC invocations=8 (full 0):
 garbage-first heap   total 10240K, used 3748K [0x00000000c1400000, 0x0000000100000000)
  region size 1024K, 1 young (1024K), 1 survivors (1024K)
 Metaspace       used 8309K, capacity 11166K, committed 11264K, reserved 1058816K
  class space    used 963K, capacity 1230K, committed 1280K, reserved 1048576K
}
Event: 1.324 GC heap before
{Heap before GC invocations=8 (full 0):
 garbage-first heap   total 10240K, used 5796K [0x00000000c1400000, 0x0000000100000000)
  region size 1024K, 3 young (3072K), 1 survivors (1024K)
 Metaspace       used 8340K, capacity 11166K, committed 11264K, reserved 1058816K
  class space    used 964K, capacity 1230K, committed 1280K, reserved 1048576K
}
Event: 1.327 GC heap after
{Heap after GC invocations=9 (full 0):
 garbage-first heap   total 10240K, used 4067K [0x00000000c1400000, 0x0000000100000000)
  region size 1024K, 1 young (1024K), 1 survivors (1024K)
 Metaspace       used 8340K, capacity 11166K, committed 11264K, reserved 1058816K
  class space    used 964K, capacity 1230K, committed 1280K, reserved 1048576K
}
Event: 1.378 GC heap before
{Heap before GC invocations=9 (full 0):
 garbage-first heap   total 10240K, used 6115K [0x00000000c1400000, 0x0000000100000000)
  region size 1024K, 3 young (3072K), 1 survivors (1024K)
 Metaspace       used 8502K, capacity 11297K, committed 11520K, reserved 1058816K
  class space    used 980K, capacity 1231K, committed 1280K, reserved 1048576K
}
Event: 1.381 GC heap after
{Heap after GC invocations=10 (full 0):
 garbage-first heap   total 12288K, used 4425K [0x00000000c1400000, 0x0000000100000000)
  region size 1024K, 1 young (1024K), 1 survivors (1024K)
 Metaspace       used 8502K, capacity 11297K, committed 11520K, reserved 1058816K
  class space    used 980K, capacity 1231K, committed 1280K, reserved 1048576K
}
Event: 1.394 GC heap before
{Heap before GC invocations=10 (full 0):
 garbage-first heap   total 12288K, used 6473K [0x00000000c1400000, 0x0000000100000000)
  region size 1024K, 3 young (3072K), 1 survivors (1024K)
 Metaspace       used 8503K, capacity 11297K, committed 11520K, reserved 1058816K
  class space    used 980K, capacity 1231K, committed 1280K, reserved 1048576K
}
Event: 1.398 GC heap after
{Heap after GC invocations=11 (full 0):
 garbage-first heap   total 12288K, used 4905K [0x00000000c1400000, 0x0000000100000000)
  region size 1024K, 1 young (1024K), 1 survivors (1024K)
 Metaspace       used 8503K, capacity 11297K, committed 11520K, reserved 1058816K
  class space    used 980K, capacity 1231K, committed 1280K, reserved 1048576K
}
Event: 1.407 GC heap before
{Heap before GC invocations=11 (full 0):
 garbage-first heap   total 12288K, used 6953K [0x00000000c1400000, 0x0000000100000000)
  region size 1024K, 3 young (3072K), 1 survivors (1024K)
 Metaspace       used 8509K, capacity 11297K, committed 11520K, reserved 1058816K
  class space    used 980K, capacity 1231K, committed 1280K, reserved 1048576K
}
Event: 1.411 GC heap after
{Heap after GC invocations=12 (full 0):
 garbage-first heap   total 12288K, used 5084K [0x00000000c1400000, 0x0000000100000000)
  region size 1024K, 1 young (1024K), 1 survivors (1024K)
 Metaspace       used 8509K, capacity 11297K, committed 11520K, reserved 1058816K
  class space    used 980K, capacity 1231K, committed 1280K, reserved 1048576K
}
Event: 1.438 GC heap before
{Heap before GC invocations=12 (full 0):
 garbage-first heap   total 12288K, used 7132K [0x00000000c1400000, 0x0000000100000000)
  region size 1024K, 3 young (3072K), 1 survivors (1024K)
 Metaspace       used 8567K, capacity 11303K, committed 11520K, reserved 1058816K
  class space    used 986K, capacity 1233K, committed 1280K, reserved 1048576K
}
Event: 1.441 GC heap after
{Heap after GC invocations=13 (full 0):
 garbage-first heap   total 12288K, used 5439K [0x00000000c1400000, 0x0000000100000000)
  region size 1024K, 1 young (1024K), 1 survivors (1024K)
 Metaspace       used 8567K, capacity 11303K, committed 11520K, reserved 1058816K
  class space    used 986K, capacity 1233K, committed 1280K, reserved 1048576K
}
Event: 1.469 GC heap before
{Heap before GC invocations=13 (full 0):
 garbage-first heap   total 12288K, used 7487K [0x00000000c1400000, 0x0000000100000000)
  region size 1024K, 3 young (3072K), 1 survivors (1024K)
 Metaspace       used 8606K, capacity 11367K, committed 11520K, reserved 1058816K
  class space    used 987K, capacity 1233K, committed 1280K, reserved 1048576K
}

