# JRE version: Java(TM) SE Runtime Environment (15.0.1+9) (build 15.0.1+9-18)
# Java VM: Java HotSpot(TM) 64-Bit Server VM (15.0.1+9-18, mixed mode, sharing, tiered, compressed oops, g1 gc, windows-amd64)
GC Precious Log:
 CPUs: 4 total, 4 available
 Memory: 4011M
 Large Page Support: Disabled
 NUMA Support: Disabled
 Compressed Oops: Enabled (32-bit)
 Heap Region Size: 1M
 Heap Min Capacity: 8M
 Heap Initial Capacity: 8M
 Heap Max Capacity: 1004M
 Pre-touch: Disabled
 Parallel Workers: 4
 Concurrent Workers: 1
 Concurrent Refinement Workers: 4
 Periodic GC: Disabled
Heap:
 garbage-first heap   total 14336K, used 4632K [0x00000000c1400000, 0x0000000100000000)
  region size 1024K, 1 young (1024K), 1 survivors (1024K)
 Metaspace       used 8875K, capacity 11326K, committed 11520K, reserved 1058816K
  class space    used 1029K, capacity 1262K, committed 1280K, reserved 1048576K
GC Heap History (17 events):
Event: 0.301 GC heap before
{Heap before GC invocations=0 (full 0):
 garbage-first heap   total 8192K, used 3072K [0x00000000c1400000, 0x0000000100000000)
  region size 1024K, 3 young (3072K), 0 survivors (0K)
 Metaspace       used 2459K, capacity 5902K, committed 6016K, reserved 1056768K
  class space    used 277K, capacity 606K, committed 640K, reserved 1048576K
}
Event: 0.306 GC heap after
{Heap after GC invocations=1 (full 0):
 garbage-first heap   total 8192K, used 1129K [0x00000000c1400000, 0x0000000100000000)
  region size 1024K, 1 young (1024K), 1 survivors (1024K)
 Metaspace       used 2459K, capacity 5902K, committed 6016K, reserved 1056768K
  class space    used 277K, capacity 606K, committed 640K, reserved 1048576K
}
Event: 0.367 GC heap before
{Heap before GC invocations=1 (full 0):
 garbage-first heap   total 8192K, used 2153K [0x00000000c1400000, 0x0000000100000000)
  region size 1024K, 2 young (2048K), 1 survivors (1024K)
 Metaspace       used 3749K, capacity 7159K, committed 7296K, reserved 1056768K
  class space    used 463K, capacity 769K, committed 896K, reserved 1048576K
}
Event: 0.371 GC heap after
{Heap after GC invocations=2 (full 0):
 garbage-first heap   total 8192K, used 1651K [0x00000000c1400000, 0x0000000100000000)
  region size 1024K, 1 young (1024K), 1 survivors (1024K)
 Metaspace       used 3749K, capacity 7159K, committed 7296K, reserved 1056768K
  class space    used 463K, capacity 769K, committed 896K, reserved 1048576K
}
Event: 0.472 GC heap before
{Heap before GC invocations=2 (full 0):
 garbage-first heap   total 8192K, used 2675K [0x00000000c1400000, 0x0000000100000000)
  region size 1024K, 2 young (2048K), 1 survivors (1024K)
 Metaspace       used 5993K, capacity 9370K, committed 9472K, reserved 1058816K
  class space    used 697K, capacity 994K, committed 1024K, reserved 1048576K
}
Event: 0.474 GC heap after
{Heap after GC invocations=3 (full 0):
 garbage-first heap   total 8192K, used 1977K [0x00000000c1400000, 0x0000000100000000)
  region size 1024K, 1 young (1024K), 1 survivors (1024K)
 Metaspace       used 5993K, capacity 9370K, committed 9472K, reserved 1058816K
  class space    used 697K, capacity 994K, committed 1024K, reserved 1048576K
}
Event: 0.540 GC heap before
{Heap before GC invocations=3 (full 0):
 garbage-first heap   total 8192K, used 3001K [0x00000000c1400000, 0x0000000100000000)
  region size 1024K, 2 young (2048K), 1 survivors (1024K)
 Metaspace       used 7058K, capacity 10310K, committed 10496K, reserved 1058816K
  class space    used 845K, capacity 1158K, committed 1280K, reserved 1048576K
}
Event: 0.542 GC heap after
{Heap after GC invocations=4 (full 0):
 garbage-first heap   total 8192K, used 2301K [0x00000000c1400000, 0x0000000100000000)
  region size 1024K, 1 young (1024K), 1 survivors (1024K)
 Metaspace       used 7058K, capacity 10310K, committed 10496K, reserved 1058816K
  class space    used 845K, capacity 1158K, committed 1280K, reserved 1048576K
}
Event: 0.604 GC heap before
{Heap before GC invocations=4 (full 0):
 garbage-first heap   total 8192K, used 3325K [0x00000000c1400000, 0x0000000100000000)
  region size 1024K, 2 young (2048K), 1 survivors (1024K)
 Metaspace       used 7841K, capacity 10854K, committed 11008K, reserved 1058816K
  class space    used 911K, capacity 1190K, committed 1280K, reserved 1048576K
}
Event: 0.607 GC heap after
{Heap after GC invocations=5 (full 0):
 garbage-first heap   total 10240K, used 2609K [0x00000000c1400000, 0x0000000100000000)
  region size 1024K, 1 young (1024K), 1 survivors (1024K)
 Metaspace       used 7841K, capacity 10854K, committed 11008K, reserved 1058816K
  class space    used 911K, capacity 1190K, committed 1280K, reserved 1048576K
}
Event: 0.679 GC heap before
{Heap before GC invocations=5 (full 0):
 garbage-first heap   total 10240K, used 4657K [0x00000000c1400000, 0x0000000100000000)
  region size 1024K, 3 young (3072K), 1 survivors (1024K)
 Metaspace       used 8119K, capacity 10997K, committed 11264K, reserved 1058816K
  class space    used 940K, capacity 1195K, committed 1280K, reserved 1048576K
}
Event: 0.683 GC heap after
{Heap after GC invocations=6 (full 0):
 garbage-first heap   total 10240K, used 3463K [0x00000000c1400000, 0x0000000100000000)
  region size 1024K, 1 young (1024K), 1 survivors (1024K)
 Metaspace       used 8119K, capacity 10997K, committed 11264K, reserved 1058816K
  class space    used 940K, capacity 1195K, committed 1280K, reserved 1048576K
}
Event: 0.800 GC heap before
{Heap before GC invocations=6 (full 0):
 garbage-first heap   total 10240K, used 5511K [0x00000000c1400000, 0x0000000100000000)
  region size 1024K, 3 young (3072K), 1 survivors (1024K)
 Metaspace       used 8806K, capacity 11323K, committed 11520K, reserved 1058816K
  class space    used 1022K, capacity 1261K, committed 1280K, reserved 1048576K
}
Event: 0.804 GC heap after
{Heap after GC invocations=7 (full 0):
 garbage-first heap   total 10240K, used 4263K [0x00000000c1400000, 0x0000000100000000)
  region size 1024K, 1 young (1024K), 1 survivors (1024K)
 Metaspace       used 8806K, capacity 11323K, committed 11520K, reserved 1058816K
  class space    used 1022K, capacity 1261K, committed 1280K, reserved 1048576K
}
Event: 0.819 GC heap before
{Heap before GC invocations=7 (full 0):
 garbage-first heap   total 10240K, used 5287K [0x00000000c1400000, 0x0000000100000000)
  region size 1024K, 2 young (2048K), 1 survivors (1024K)
 Metaspace       used 8871K, capacity 11326K, committed 11520K, reserved 1058816K
  class space    used 1029K, capacity 1262K, committed 1280K, reserved 1048576K
}
Event: 0.822 GC heap after
{Heap after GC invocations=8 (full 0):
 garbage-first heap   total 10240K, used 4523K [0x00000000c1400000, 0x0000000100000000)
  region size 1024K, 1 young (1024K), 1 survivors (1024K)
 Metaspace       used 8871K, capacity 11326K, committed 11520K, reserved 1058816K
  class space    used 1029K, capacity 1262K, committed 1280K, reserved 1048576K
}
Event: 0.828 GC heap before
{Heap before GC invocations=8 (full 0):
 garbage-first heap   total 10240K, used 5547K [0x00000000c1400000, 0x0000000100000000)
  region size 1024K, 2 young (2048K), 1 survivors (1024K)
 Metaspace       used 8875K, capacity 11326K, committed 11520K, reserved 1058816K
  class space    used 1029K, capacity 1262K, committed 1280K, reserved 1048576K
}

